<?xml version="1.0" encoding="UTF-8"?>
<!-- Generated by org.testng.reporters.JUnitReportReporter -->
<testsuite hostname="INBLRRZF0028" name="TestCases.Greenify" tests="1" failures="0" timestamp="24 May 2016 07:51:38 GMT" time="22.070" errors="0">
  <testcase name="testGreenify" time="22.070" classname="TestCases.Greenify"/>
</testsuite> <!-- TestCases.Greenify -->
