<?xml version="1.0" encoding="UTF-8"?>
<!-- Generated by org.testng.reporters.JUnitReportReporter -->
<testsuite hostname="INBLRRZF0028" name="TestCases.Flipkart" tests="1" failures="0" timestamp="24 May 2016 10:50:42 GMT" time="78.147" errors="0">
  <testcase name="testFlipkart" time="78.147" classname="TestCases.Flipkart"/>
</testsuite> <!-- TestCases.Flipkart -->
