<?xml version="1.0" encoding="UTF-8"?>
<!-- Generated by org.testng.reporters.JUnitReportReporter -->
<testsuite hostname="INBLRRZF0028" name="TestCases.Flipkart" tests="1" failures="0" timestamp="24 May 2016 11:21:12 GMT" time="93.880" errors="0">
  <testcase name="testFlipkart" time="93.880" classname="TestCases.Flipkart"/>
</testsuite> <!-- TestCases.Flipkart -->
